<?xml version="1.0" encoding="UTF-8"?>
<!-- Generated by org.testng.reporters.JUnitReportReporter -->
<testsuite hostname="admin" name="com.ijmeet.testcases.LoginPageTest" tests="1" failures="0" timestamp="24 Aug 2020 08:47:05 GMT" time="36.199" errors="0">
  <testcase name="tc_001" time="36.199" classname="com.ijmeet.testcases.LoginPageTest"/>
</testsuite> <!-- com.ijmeet.testcases.LoginPageTest -->
