<?xml version="1.0" encoding="UTF-8"?>
<!-- Generated by org.testng.reporters.JUnitReportReporter -->
<<<<<<< HEAD
<testsuite hostname="admin" name="com.ijmeet.testcases.LoginPageTest" tests="1" failures="0" timestamp="24 Aug 2020 08:47:05 GMT" time="36.199" errors="0">
  <testcase name="tc_001" time="36.199" classname="com.ijmeet.testcases.LoginPageTest"/>
=======
<testsuite skipped="0" hostname="User" name="com.ijmeet.testcases.LoginPageTest" tests="1" failures="0" timestamp="24 Aug 2020 13:55:21 GMT" time="109.951" errors="0">
  <testcase name="tc_001" time="109.951" classname="com.ijmeet.testcases.LoginPageTest"/>
>>>>>>> 8ff3620b634ffbc695c6b5ae6e5b50d046b7dd93
</testsuite> <!-- com.ijmeet.testcases.LoginPageTest -->
